mode: set
github.com/olim007/wallet/pkg/main.go:9.13,38.2 1 0
github.com/olim007/wallet/pkg/wallet/service.go:21.50,23.16 2 1
github.com/olim007/wallet/pkg/wallet/service.go:23.16,25.3 1 0
github.com/olim007/wallet/pkg/wallet/service.go:27.2,28.16 2 1
github.com/olim007/wallet/pkg/wallet/service.go:28.16,30.3 1 0
github.com/olim007/wallet/pkg/wallet/service.go:32.2,34.12 3 1
github.com/olim007/wallet/pkg/wallet/service.go:37.77,38.37 1 1
github.com/olim007/wallet/pkg/wallet/service.go:38.37,39.30 1 1
github.com/olim007/wallet/pkg/wallet/service.go:39.30,42.4 1 1
github.com/olim007/wallet/pkg/wallet/service.go:44.2,44.32 1 1
github.com/olim007/wallet/pkg/wallet/service.go:47.76,49.33 2 1
github.com/olim007/wallet/pkg/wallet/service.go:49.33,50.26 1 1
github.com/olim007/wallet/pkg/wallet/service.go:50.26,52.9 2 1
github.com/olim007/wallet/pkg/wallet/service.go:55.2,55.20 1 1
github.com/olim007/wallet/pkg/wallet/service.go:55.20,57.3 1 0
github.com/olim007/wallet/pkg/wallet/service.go:58.2,58.21 1 1
github.com/olim007/wallet/pkg/wallet/service.go:62.59,63.43 1 0
github.com/olim007/wallet/pkg/wallet/service.go:63.43,64.29 1 0
github.com/olim007/wallet/pkg/wallet/service.go:64.29,66.4 1 0
github.com/olim007/wallet/pkg/wallet/service.go:68.2,73.4 2 0
github.com/olim007/wallet/pkg/wallet/service.go:76.78,77.37 1 1
github.com/olim007/wallet/pkg/wallet/service.go:77.37,78.29 1 0
github.com/olim007/wallet/pkg/wallet/service.go:78.29,80.4 1 0
github.com/olim007/wallet/pkg/wallet/service.go:82.2,89.21 4 1
github.com/olim007/wallet/pkg/wallet/service.go:92.71,93.17 1 1
github.com/olim007/wallet/pkg/wallet/service.go:93.17,95.3 1 0
github.com/olim007/wallet/pkg/wallet/service.go:97.2,98.33 2 1
github.com/olim007/wallet/pkg/wallet/service.go:98.33,99.26 1 1
github.com/olim007/wallet/pkg/wallet/service.go:99.26,101.9 2 1
github.com/olim007/wallet/pkg/wallet/service.go:105.2,105.20 1 1
github.com/olim007/wallet/pkg/wallet/service.go:105.20,107.3 1 0
github.com/olim007/wallet/pkg/wallet/service.go:109.2,110.12 2 1
github.com/olim007/wallet/pkg/wallet/service.go:118.116,119.17 1 1
github.com/olim007/wallet/pkg/wallet/service.go:119.17,121.3 1 0
github.com/olim007/wallet/pkg/wallet/service.go:123.2,124.33 2 1
github.com/olim007/wallet/pkg/wallet/service.go:124.33,125.29 1 1
github.com/olim007/wallet/pkg/wallet/service.go:125.29,127.9 2 1
github.com/olim007/wallet/pkg/wallet/service.go:130.2,130.20 1 1
github.com/olim007/wallet/pkg/wallet/service.go:130.20,132.3 1 0
github.com/olim007/wallet/pkg/wallet/service.go:134.2,134.33 1 1
github.com/olim007/wallet/pkg/wallet/service.go:134.33,136.3 1 0
github.com/olim007/wallet/pkg/wallet/service.go:138.2,148.21 5 1
github.com/olim007/wallet/pkg/wallet/service.go:160.46,162.2 1 0
github.com/olim007/wallet/pkg/wallet/service.go:164.56,166.2 1 0
github.com/olim007/wallet/pkg/wallet/service.go:170.41,172.2 1 0
